<?xml version="1.0" encoding="UTF-8"?>
<!-- Generated by org.testng.reporters.JUnitReportReporter -->
<testsuite hostname="DESKTOP-8BVMHVJ" failures="0" tests="1" name="Tests.LoginTest" time="2.151" errors="0" timestamp="2021-07-30T01:09:29 EDT" skipped="0">
  <testcase classname="Tests.LoginTest" name="testlogin" time="2.151"/>
  <system-out/>
</testsuite> <!-- Tests.LoginTest -->
