<?xml version="1.0" encoding="UTF-8"?>
<!-- Generated by org.testng.reporters.JUnitReportReporter -->
<testsuite hostname="DESKTOP-8BVMHVJ" failures="0" tests="1" name="Tests.Login_BillPay_Test" time="5.322" errors="0" timestamp="2021-08-04T16:54:34 EDT" skipped="0">
  <testcase classname="Tests.Login_BillPay_Test" name="testlogin" time="5.322"/>
  <system-out/>
</testsuite> <!-- Tests.Login_BillPay_Test -->
