<?xml version="1.0" encoding="UTF-8"?>
<!-- Generated by org.testng.reporters.JUnitReportReporter -->
<testsuite hostname="DESKTOP-8BVMHVJ" failures="0" tests="1" name="Tests.LoginTest" time="3.185" errors="0" timestamp="2021-08-03T14:35:58 EDT" skipped="0">
  <testcase classname="Tests.LoginTest" name="testlogin" time="3.185"/>
  <system-out/>
</testsuite> <!-- Tests.LoginTest -->
